d:\downloads\glui-2.35\glui-2.35\src\msvc\debug\algebra3.obj
d:\downloads\glui-2.35\glui-2.35\src\msvc\debug\arcball.obj
d:\downloads\glui-2.35\glui-2.35\src\msvc\debug\glui.obj
d:\downloads\glui-2.35\glui-2.35\src\msvc\debug\glui_add_controls.obj
d:\downloads\glui-2.35\glui-2.35\src\msvc\debug\glui_bitmaps.obj
d:\downloads\glui-2.35\glui-2.35\src\msvc\debug\glui_bitmap_img_data.obj
d:\downloads\glui-2.35\glui-2.35\src\msvc\debug\glui_button.obj
d:\downloads\glui-2.35\glui-2.35\src\msvc\debug\glui_checkbox.obj
d:\downloads\glui-2.35\glui-2.35\src\msvc\debug\glui_column.obj
d:\downloads\glui-2.35\glui-2.35\src\msvc\debug\glui_commandline.obj
d:\downloads\glui-2.35\glui-2.35\src\msvc\debug\glui_control.obj
d:\downloads\glui-2.35\glui-2.35\src\msvc\debug\glui_edittext.obj
d:\downloads\glui-2.35\glui-2.35\src\msvc\debug\glui_filebrowser.obj
d:\downloads\glui-2.35\glui-2.35\src\msvc\debug\glui_list.obj
d:\downloads\glui-2.35\glui-2.35\src\msvc\debug\glui_listbox.obj
d:\downloads\glui-2.35\glui-2.35\src\msvc\debug\glui_mouse_iaction.obj
d:\downloads\glui-2.35\glui-2.35\src\msvc\debug\glui_node.obj
d:\downloads\glui-2.35\glui-2.35\src\msvc\debug\glui_panel.obj
d:\downloads\glui-2.35\glui-2.35\src\msvc\debug\glui_radio.obj
d:\downloads\glui-2.35\glui-2.35\src\msvc\debug\glui_rollout.obj
d:\downloads\glui-2.35\glui-2.35\src\msvc\debug\glui_rotation.obj
d:\downloads\glui-2.35\glui-2.35\src\msvc\debug\glui_scrollbar.obj
d:\downloads\glui-2.35\glui-2.35\src\msvc\debug\glui_separator.obj
d:\downloads\glui-2.35\glui-2.35\src\msvc\debug\glui_spinner.obj
d:\downloads\glui-2.35\glui-2.35\src\msvc\debug\glui_statictext.obj
d:\downloads\glui-2.35\glui-2.35\src\msvc\debug\glui_string.obj
d:\downloads\glui-2.35\glui-2.35\src\msvc\debug\glui_textbox.obj
d:\downloads\glui-2.35\glui-2.35\src\msvc\debug\glui_translation.obj
d:\downloads\glui-2.35\glui-2.35\src\msvc\debug\glui_tree.obj
d:\downloads\glui-2.35\glui-2.35\src\msvc\debug\glui_treepanel.obj
d:\downloads\glui-2.35\glui-2.35\src\msvc\debug\glui_window.obj
d:\downloads\glui-2.35\glui-2.35\src\msvc\debug\quaternion.obj
d:\downloads\glui-2.35\glui-2.35\src\msvc\debug\example1.tlog\cl.command.1.tlog
