Build started 15/07/2017 20:20:25.
     1>Project "C:\Users\Luiza\Documents\Visual Studio 2013\Projects\ProgrammingAssignment2\ProgrammingAssignment2\ProgrammingAssignment2.vcxproj" on node 2 (Build target(s)).
     1>ClCompile:
         C:\Program Files (x86)\Microsoft Visual Studio 12.0\VC\bin\CL.exe /c /ZI /nologo /W3 /WX- /Od /Oy- /D WIN32 /D _DEBUG /D _CONSOLE /D _LIB /D _UNICODE /D UNICODE /Gm /EHsc /RTC1 /MDd /GS /fp:precise /Zc:wchar_t /Zc:forScope /Fo"Debug\\" /Fd"Debug\vc120.pdb" /Gd /TP /analyze- /errorReport:prompt main.cpp
         main.cpp
     1>c:\users\luiza\documents\visual studio 2013\projects\programmingassignment2\programmingassignment2\main.cpp(246): warning C4101: 'kd' : unreferenced local variable
     1>c:\users\luiza\documents\visual studio 2013\projects\programmingassignment2\programmingassignment2\main.cpp(347): warning C4101: 'incz2' : unreferenced local variable
     1>c:\users\luiza\documents\visual studio 2013\projects\programmingassignment2\programmingassignment2\main.cpp(347): warning C4101: 'incz1' : unreferenced local variable
     1>c:\users\luiza\documents\visual studio 2013\projects\programmingassignment2\programmingassignment2\main.cpp(346): warning C4101: 'dx3' : unreferenced local variable
     1>c:\users\luiza\documents\visual studio 2013\projects\programmingassignment2\programmingassignment2\main.cpp(346): warning C4101: 'dy3' : unreferenced local variable
     1>c:\users\luiza\documents\visual studio 2013\projects\programmingassignment2\programmingassignment2\main.cpp(1160): warning C4018: '<' : signed/unsigned mismatch
     1>c:\users\luiza\documents\visual studio 2013\projects\programmingassignment2\programmingassignment2\main.cpp(1215): warning C4018: '<' : signed/unsigned mismatch
     1>c:\users\luiza\documents\visual studio 2013\projects\programmingassignment2\programmingassignment2\main.cpp(1125): warning C4101: 'v' : unreferenced local variable
       Link:
         C:\Program Files (x86)\Microsoft Visual Studio 12.0\VC\bin\link.exe /ERRORREPORT:PROMPT /OUT:"C:\Users\Luiza\Documents\Visual Studio 2013\Projects\ProgrammingAssignment2\Debug\ProgrammingAssignment2.exe" /INCREMENTAL /NOLOGO kernel32.lib user32.lib gdi32.lib winspool.lib comdlg32.lib advapi32.lib shell32.lib ole32.lib oleaut32.lib uuid.lib odbc32.lib odbccp32.lib kernel32.lib user32.lib gdi32.lib winspool.lib comdlg32.lib advapi32.lib shell32.lib ole32.lib oleaut32.lib uuid.lib odbc32.lib odbccp32.lib glut32.lib glui32.lib /MANIFEST /MANIFESTUAC:"level='asInvoker' uiAccess='false'" /manifest:embed /DEBUG /PDB:"C:\Users\Luiza\Documents\Visual Studio 2013\Projects\ProgrammingAssignment2\Debug\ProgrammingAssignment2.pdb" /SUBSYSTEM:CONSOLE /TLBID:1 /DYNAMICBASE /NXCOMPAT /IMPLIB:"C:\Users\Luiza\Documents\Visual Studio 2013\Projects\ProgrammingAssignment2\Debug\ProgrammingAssignment2.lib" /MACHINE:X86 Debug\Camera.obj
         Debug\main.obj
         Debug\Model.obj
         Debug\vector3f.obj
         Debug\vector4f.obj
         ProgrammingAssignment2.vcxproj -> C:\Users\Luiza\Documents\Visual Studio 2013\Projects\ProgrammingAssignment2\Debug\ProgrammingAssignment2.exe
     1>Done Building Project "C:\Users\Luiza\Documents\Visual Studio 2013\Projects\ProgrammingAssignment2\ProgrammingAssignment2\ProgrammingAssignment2.vcxproj" (Build target(s)).

Build succeeded.

Time Elapsed 00:00:03.35
